<?xml version="1.0" encoding="UTF-8"?>
<!-- Generated by org.testng.reporters.JUnitXMLReporter -->
<testsuite ignored="0" hostname="Saurabh-Lap" failures="0" tests="5" name="Free utest App Test Cases" time="100.411" errors="0" timestamp="2022-05-12T22:21:43 IST">
  <testcase classname="com.crm.qa.testcases.LoginPageTest" name="LogoImageTest" time="0.088"/>
  <testcase classname="com.crm.qa.testcases.LoginPageTest" name="loginTest" time="9.904"/>
  <testcase classname="com.crm.qa.testcases.HomePageTest" name="LogoImageTest" time="0.062"/>
  <testcase classname="com.crm.qa.testcases.HomePageTest" name="clickOnWomenLinkTest" time="6.832"/>
  <testcase classname="com.crm.qa.testcases.WomenLinkTest" name="verifyWomentextTest" time="0.075"/>
</testsuite> <!-- Free utest App Test Cases -->
