<?xml version="1.0" encoding="UTF-8"?>
<testng-results skipped="0" failed="0" ignored="0" total="1" passed="1">
  <reporter-output>
  </reporter-output>
  <suite name="com.crm.qa.testcases.LoginTest" duration-ms="25474" started-at="2022-05-09T13:08:16Z" finished-at="2022-05-09T13:08:41Z">
    <groups>
    </groups>
    <test name="Command line test" duration-ms="25474" started-at="2022-05-09T13:08:16Z" finished-at="2022-05-09T13:08:41Z">
      <class name="com.crm.qa.testcases.LoginTest">
        <test-method status="PASS" signature="setUp()[pri:0, instance:com.crm.qa.testcases.LoginTest@2344fc66]" name="setUp" is-config="true" duration-ms="15489" started-at="2022-05-09T13:08:16Z" finished-at="2022-05-09T13:08:31Z">
          <reporter-output>
          </reporter-output>
        </test-method> <!-- setUp -->
        <test-method status="PASS" signature="loginTest()[pri:1, instance:com.crm.qa.testcases.LoginTest@2344fc66]" name="loginTest" duration-ms="9954" started-at="2022-05-09T13:08:31Z" finished-at="2022-05-09T13:08:41Z">
          <reporter-output>
          </reporter-output>
        </test-method> <!-- loginTest -->
      </class> <!-- com.crm.qa.testcases.LoginTest -->
    </test> <!-- Command line test -->
  </suite> <!-- com.crm.qa.testcases.LoginTest -->
</testng-results>
