<?xml version="1.0" encoding="UTF-8"?>
<testng-results ignored="0" total="5" passed="5" failed="0" skipped="0">
  <reporter-output>
  </reporter-output>
  <suite started-at="2022-05-12T22:20:03 IST" name="FREE utest Application Test Automation Test Suite" finished-at="2022-05-12T22:21:43 IST" duration-ms="100411">
    <groups>
    </groups>
    <test started-at="2022-05-12T22:20:03 IST" name="Free utest App Test Cases" finished-at="2022-05-12T22:21:43 IST" duration-ms="100411">
      <class name="com.crm.qa.testcases.HomePageTest">
        <test-method is-config="true" signature="setUp()[pri:0, instance:com.crm.qa.testcases.HomePageTest@71a8adcf]" started-at="2022-05-12T22:20:38 IST" name="setUp" finished-at="2022-05-12T22:20:55 IST" duration-ms="17472" status="PASS">
          <reporter-output>
          </reporter-output>
        </test-method> <!-- setUp -->
        <test-method signature="LogoImageTest()[pri:1, instance:com.crm.qa.testcases.HomePageTest@71a8adcf]" started-at="2022-05-12T22:20:55 IST" name="LogoImageTest" finished-at="2022-05-12T22:20:55 IST" duration-ms="62" status="PASS">
          <reporter-output>
          </reporter-output>
        </test-method> <!-- LogoImageTest -->
        <test-method is-config="true" signature="tearDown()[pri:0, instance:com.crm.qa.testcases.HomePageTest@71a8adcf]" started-at="2022-05-12T22:20:55 IST" name="tearDown" finished-at="2022-05-12T22:20:56 IST" duration-ms="653" status="PASS">
          <reporter-output>
          </reporter-output>
        </test-method> <!-- tearDown -->
        <test-method is-config="true" signature="setUp()[pri:0, instance:com.crm.qa.testcases.HomePageTest@71a8adcf]" started-at="2022-05-12T22:20:56 IST" name="setUp" finished-at="2022-05-12T22:21:12 IST" duration-ms="16440" status="PASS">
          <reporter-output>
          </reporter-output>
        </test-method> <!-- setUp -->
        <test-method signature="clickOnWomenLinkTest()[pri:2, instance:com.crm.qa.testcases.HomePageTest@71a8adcf]" started-at="2022-05-12T22:21:12 IST" name="clickOnWomenLinkTest" finished-at="2022-05-12T22:21:19 IST" duration-ms="6832" status="PASS">
          <reporter-output>
          </reporter-output>
        </test-method> <!-- clickOnWomenLinkTest -->
        <test-method is-config="true" signature="tearDown()[pri:0, instance:com.crm.qa.testcases.HomePageTest@71a8adcf]" started-at="2022-05-12T22:21:19 IST" name="tearDown" finished-at="2022-05-12T22:21:20 IST" duration-ms="652" status="PASS">
          <reporter-output>
          </reporter-output>
        </test-method> <!-- tearDown -->
      </class> <!-- com.crm.qa.testcases.HomePageTest -->
      <class name="com.crm.qa.testcases.LoginPageTest">
        <test-method is-config="true" signature="setUp()[pri:0, instance:com.crm.qa.testcases.LoginPageTest@1a18644]" started-at="2022-05-12T22:20:03 IST" name="setUp" finished-at="2022-05-12T22:20:15 IST" duration-ms="12681" status="PASS">
          <reporter-output>
          </reporter-output>
        </test-method> <!-- setUp -->
        <test-method signature="LogoImageTest()[pri:1, instance:com.crm.qa.testcases.LoginPageTest@1a18644]" started-at="2022-05-12T22:20:15 IST" name="LogoImageTest" finished-at="2022-05-12T22:20:15 IST" duration-ms="88" status="PASS">
          <reporter-output>
          </reporter-output>
        </test-method> <!-- LogoImageTest -->
        <test-method is-config="true" signature="tearDown()[pri:0, instance:com.crm.qa.testcases.LoginPageTest@1a18644]" started-at="2022-05-12T22:20:15 IST" name="tearDown" finished-at="2022-05-12T22:20:16 IST" duration-ms="762" status="PASS">
          <reporter-output>
          </reporter-output>
        </test-method> <!-- tearDown -->
        <test-method is-config="true" signature="setUp()[pri:0, instance:com.crm.qa.testcases.LoginPageTest@1a18644]" started-at="2022-05-12T22:20:16 IST" name="setUp" finished-at="2022-05-12T22:20:27 IST" duration-ms="10935" status="PASS">
          <reporter-output>
          </reporter-output>
        </test-method> <!-- setUp -->
        <test-method signature="loginTest()[pri:2, instance:com.crm.qa.testcases.LoginPageTest@1a18644]" started-at="2022-05-12T22:20:27 IST" name="loginTest" finished-at="2022-05-12T22:20:37 IST" duration-ms="9904" status="PASS">
          <reporter-output>
          </reporter-output>
        </test-method> <!-- loginTest -->
        <test-method is-config="true" signature="tearDown()[pri:0, instance:com.crm.qa.testcases.LoginPageTest@1a18644]" started-at="2022-05-12T22:20:37 IST" name="tearDown" finished-at="2022-05-12T22:20:38 IST" duration-ms="692" status="PASS">
          <reporter-output>
          </reporter-output>
        </test-method> <!-- tearDown -->
      </class> <!-- com.crm.qa.testcases.LoginPageTest -->
      <class name="com.crm.qa.testcases.WomenLinkTest">
        <test-method is-config="true" signature="setUp()[pri:0, instance:com.crm.qa.testcases.WomenLinkTest@27462a88]" started-at="2022-05-12T22:21:20 IST" name="setUp" finished-at="2022-05-12T22:21:42 IST" duration-ms="22471" status="PASS">
          <reporter-output>
          </reporter-output>
        </test-method> <!-- setUp -->
        <test-method signature="verifyWomentextTest()[pri:1, instance:com.crm.qa.testcases.WomenLinkTest@27462a88]" started-at="2022-05-12T22:21:42 IST" name="verifyWomentextTest" finished-at="2022-05-12T22:21:42 IST" duration-ms="75" status="PASS">
          <reporter-output>
          </reporter-output>
        </test-method> <!-- verifyWomentextTest -->
        <test-method is-config="true" signature="tearDown()[pri:0, instance:com.crm.qa.testcases.WomenLinkTest@27462a88]" started-at="2022-05-12T22:21:42 IST" name="tearDown" finished-at="2022-05-12T22:21:43 IST" duration-ms="627" status="PASS">
          <reporter-output>
          </reporter-output>
        </test-method> <!-- tearDown -->
      </class> <!-- com.crm.qa.testcases.WomenLinkTest -->
    </test> <!-- Free utest App Test Cases -->
  </suite> <!-- FREE utest Application Test Automation Test Suite -->
</testng-results>
